This is pdfTeX, Version 3.14159265-2.6-1.40.21 (TeX Live 2020) (preloaded format=pdflatex 2020.12.15)  2 JAN 2021 19:50
entering extended mode
 restricted \write18 enabled.
 %&-line parsing enabled.
**thesis.tex -o thesis.pdf
(./thesis.tex
LaTeX2e <2020-10-01> patch level 2
L3 programming layer <2020-12-07> xparse <2020-03-03>

! LaTeX Error: File `latBegin.txt' not found.

Type X to quit or <RETURN> to proceed,
or enter new name. (Default extension: txt)

Enter file name: 
! Emergency stop.
<read *> 
         
l.1 \input{latBegin.txt}
                        ^^M
End of file on the terminal!

 
Here is how much of TeX's memory you used:
 18 strings out of 481331
 398 string characters out of 5917526
 262197 words of memory out of 5000000
 16978 multiletter control sequences out of 15000+600000
 403430 words of font info for 27 fonts, out of 8000000 for 9000
 14 hyphenation exceptions out of 8191
 21i,0n,28p,79b,13s stack positions out of 5000i,500n,10000p,200000b,80000s
!  ==> Fatal error occurred, no output PDF file produced!
